# JRE version: Java(TM) SE Runtime Environment (8.0_121-b13) (build 1.8.0_121-b13)
# Java VM: Java HotSpot(TM) 64-Bit Server VM (25.121-b13 mixed mode windows-amd64 compressed oops)
Heap:
 PSYoungGen      total 283648K, used 186142K [0x00000000eab00000, 0x0000000100000000, 0x0000000100000000)
  eden space 228864K, 79% used [0x00000000eab00000,0x00000000f5c3fbf0,0x00000000f8a80000)
  from space 54784K, 8% used [0x00000000fbf80000,0x00000000fc407fa8,0x00000000ff500000)
  to   space 54272K, 0% used [0x00000000f8a80000,0x00000000f8a80000,0x00000000fbf80000)
 ParOldGen       total 234496K, used 184593K [0x00000000c0000000, 0x00000000ce500000, 0x00000000eab00000)
  object space 234496K, 78% used [0x00000000c0000000,0x00000000cb444760,0x00000000ce500000)
 Metaspace       used 88312K, capacity 92744K, committed 92968K, reserved 1130496K
  class space    used 11374K, capacity 12265K, committed 12336K, reserved 1048576K
GC Heap History (10 events):
Event: 373.450 GC heap before
{Heap before GC invocations=68 (full 6):
 PSYoungGen      total 289280K, used 243520K [0x00000000eab00000, 0x0000000100000000, 0x0000000100000000)
  eden space 229376K, 99% used [0x00000000eab00000,0x00000000f8af8210,0x00000000f8b00000)
  from space 59904K, 23% used [0x00000000f8b00000,0x00000000f98d80d0,0x00000000fc580000)
  to   space 57344K, 0% used [0x00000000fc800000,0x00000000fc800000,0x0000000100000000)
 ParOldGen       total 234496K, used 171575K [0x00000000c0000000, 0x00000000ce500000, 0x00000000eab00000)
  object space 234496K, 73% used [0x00000000c0000000,0x00000000ca78df70,0x00000000ce500000)
 Metaspace       used 83289K, capacity 86974K, committed 87592K, reserved 1124352K
  class space    used 10900K, capacity 11678K, committed 11824K, reserved 1048576K
Event: 373.476 GC heap after
Heap after GC invocations=68 (full 6):
 PSYoungGen      total 284672K, used 3489K [0x00000000eab00000, 0x00000000ffb80000, 0x0000000100000000)
  eden space 231936K, 0% used [0x00000000eab00000,0x00000000eab00000,0x00000000f8d80000)
  from space 52736K, 6% used [0x00000000fc800000,0x00000000fcb68520,0x00000000ffb80000)
  to   space 56320K, 0% used [0x00000000f8d80000,0x00000000f8d80000,0x00000000fc480000)
 ParOldGen       total 234496K, used 183040K [0x00000000c0000000, 0x00000000ce500000, 0x00000000eab00000)
  object space 234496K, 78% used [0x00000000c0000000,0x00000000cb2c0220,0x00000000ce500000)
 Metaspace       used 83289K, capacity 86974K, committed 87592K, reserved 1124352K
  class space    used 10900K, capacity 11678K, committed 11824K, reserved 1048576K
}
Event: 378.971 GC heap before
{Heap before GC invocations=69 (full 6):
 PSYoungGen      total 284672K, used 234711K [0x00000000eab00000, 0x00000000ffb80000, 0x0000000100000000)
  eden space 231936K, 99% used [0x00000000eab00000,0x00000000f8ccd980,0x00000000f8d80000)
  from space 52736K, 6% used [0x00000000fc800000,0x00000000fcb68520,0x00000000ffb80000)
  to   space 56320K, 0% used [0x00000000f8d80000,0x00000000f8d80000,0x00000000fc480000)
 ParOldGen       total 234496K, used 183040K [0x00000000c0000000, 0x00000000ce500000, 0x00000000eab00000)
  object space 234496K, 78% used [0x00000000c0000000,0x00000000cb2c0220,0x00000000ce500000)
 Metaspace       used 83981K, capacity 87780K, committed 88232K, reserved 1126400K
  class space    used 11011K, capacity 11797K, committed 11952K, reserved 1048576K
Event: 378.994 GC heap after
Heap after GC invocations=69 (full 6):
 PSYoungGen      total 277504K, used 45163K [0x00000000eab00000, 0x0000000100000000, 0x0000000100000000)
  eden space 231936K, 0% used [0x00000000eab00000,0x00000000eab00000,0x00000000f8d80000)
  from space 45568K, 99% used [0x00000000f8d80000,0x00000000fb99aed8,0x00000000fba00000)
  to   space 62464K, 0% used [0x00000000fc300000,0x00000000fc300000,0x0000000100000000)
 ParOldGen       total 234496K, used 183048K [0x00000000c0000000, 0x00000000ce500000, 0x00000000eab00000)
  object space 234496K, 78% used [0x00000000c0000000,0x00000000cb2c2220,0x00000000ce500000)
 Metaspace       used 83981K, capacity 87780K, committed 88232K, reserved 1126400K
  class space    used 11011K, capacity 11797K, committed 11952K, reserved 1048576K
}
Event: 379.047 GC heap before
{Heap before GC invocations=70 (full 6):
 PSYoungGen      total 277504K, used 276479K [0x00000000eab00000, 0x0000000100000000, 0x0000000100000000)
  eden space 231936K, 99% used [0x00000000eab00000,0x00000000f8ce5030,0x00000000f8d80000)
  from space 45568K, 99% used [0x00000000f8d80000,0x00000000fb99aed8,0x00000000fba00000)
  to   space 62464K, 0% used [0x00000000fc300000,0x00000000fc300000,0x0000000100000000)
 ParOldGen       total 234496K, used 183048K [0x00000000c0000000, 0x00000000ce500000, 0x00000000eab00000)
  object space 234496K, 78% used [0x00000000c0000000,0x00000000cb2c2220,0x00000000ce500000)
 Metaspace       used 83989K, capacity 87780K, committed 88232K, reserved 1126400K
  class space    used 11011K, capacity 11797K, committed 11952K, reserved 1048576K
Event: 379.063 GC heap after
Heap after GC invocations=70 (full 6):
 PSYoungGen      total 290816K, used 21587K [0x00000000eab00000, 0x0000000100000000, 0x0000000100000000)
  eden space 228352K, 0% used [0x00000000eab00000,0x00000000eab00000,0x00000000f8a00000)
  from space 62464K, 34% used [0x00000000fc300000,0x00000000fd814ff8,0x0000000100000000)
  to   space 58368K, 0% used [0x00000000f8a00000,0x00000000f8a00000,0x00000000fc300000)
 ParOldGen       total 234496K, used 183048K [0x00000000c0000000, 0x00000000ce500000, 0x00000000eab00000)
  object space 234496K, 78% used [0x00000000c0000000,0x00000000cb2c2220,0x00000000ce500000)
 Metaspace       used 83989K, capacity 87780K, committed 88232K, reserved 1126400K
  class space    used 11011K, capacity 11797K, committed 11952K, reserved 1048576K
}
Event: 379.138 GC heap before
{Heap before GC invocations=71 (full 6):
 PSYoungGen      total 290816K, used 249824K [0x00000000eab00000, 0x0000000100000000, 0x0000000100000000)
  eden space 228352K, 99% used [0x00000000eab00000,0x00000000f89e3360,0x00000000f8a00000)
  from space 62464K, 34% used [0x00000000fc300000,0x00000000fd814ff8,0x0000000100000000)
  to   space 58368K, 0% used [0x00000000f8a00000,0x00000000f8a00000,0x00000000fc300000)
 ParOldGen       total 234496K, used 183048K [0x00000000c0000000, 0x00000000ce500000, 0x00000000eab00000)
  object space 234496K, 78% used [0x00000000c0000000,0x00000000cb2c2220,0x00000000ce500000)
 Metaspace       used 83989K, capacity 87780K, committed 88232K, reserved 1126400K
  class space    used 11011K, capacity 11797K, committed 11952K, reserved 1048576K
Event: 379.151 GC heap after
Heap after GC invocations=71 (full 6):
 PSYoungGen      total 248832K, used 20274K [0x00000000eab00000, 0x00000000ff500000, 0x0000000100000000)
  eden space 228352K, 0% used [0x00000000eab00000,0x00000000eab00000,0x00000000f8a00000)
  from space 20480K, 98% used [0x00000000f8a00000,0x00000000f9dccac0,0x00000000f9e00000)
  to   space 54784K, 0% used [0x00000000fbf80000,0x00000000fbf80000,0x00000000ff500000)
 ParOldGen       total 234496K, used 184289K [0x00000000c0000000, 0x00000000ce500000, 0x00000000eab00000)
  object space 234496K, 78% used [0x00000000c0000000,0x00000000cb3f8740,0x00000000ce500000)
 Metaspace       used 83989K, capacity 87780K, committed 88232K, reserved 1126400K
  class space    used 11011K, capacity 11797K, committed 11952K, reserved 1048576K
}
Event: 2835.253 GC heap before
{Heap before GC invocations=72 (full 6):
 PSYoungGen      total 248832K, used 248626K [0x00000000eab00000, 0x00000000ff500000, 0x0000000100000000)
  eden space 228352K, 100% used [0x00000000eab00000,0x00000000f8a00000,0x00000000f8a00000)
  from space 20480K, 98% used [0x00000000f8a00000,0x00000000f9dccac0,0x00000000f9e00000)
  to   space 54784K, 0% used [0x00000000fbf80000,0x00000000fbf80000,0x00000000ff500000)
 ParOldGen       total 234496K, used 184289K [0x00000000c0000000, 0x00000000ce500000, 0x00000000eab00000)
  object space 234496K, 78% used [0x00000000c0000000,0x00000000cb3f8740,0x00000000ce500000)
 Metaspace       used 87725K, capacity 91868K, committed 92072K, reserved 1128448K
  class space    used 11321K, capacity 12173K, committed 12208K, reserved 1048576K
Event: 2842.341 GC heap after
Heap after GC invocations=72 (full 6):
 PSYoungGen      total 283648K, used 4639K [0x00000000eab00000, 0x0000000100000000, 0x0000000100000000)
  eden space 228864K, 0% used [0x00000000eab00000,0x00000000eab00000,0x00000000f8a80000)
  from space 54784K, 8% used [0x00000000fbf80000,0x00000000fc407fa8,0x00000000ff500000)
  to   space 54272K, 0% used [0x00000000f8a80000,0x00000000f8a80000,0x00000000fbf80000)
 ParOldGen       total 234496K, used 184593K [0x00000000c0000000, 0x00000000ce500000, 0x00000000eab00000)
  object space 234496K, 78% used [0x00000000c0000000,0x00000000cb444760,0x00000000ce500000)
 Metaspace       used 87725K, capacity 91868K, committed 92072K, reserved 1128448K
  class space    used 11321K, capacity 12173K, committed 12208K, reserved 1048576K
}

