# JRE version: Java(TM) SE Runtime Environment (8.0_121-b13) (build 1.8.0_121-b13)
# Java VM: Java HotSpot(TM) 64-Bit Server VM (25.121-b13 mixed mode windows-amd64 compressed oops)
Heap:
 PSYoungGen      total 153088K, used 53642K [0x00000000eab00000, 0x00000000f6100000, 0x0000000100000000)
  eden space 137728K, 38% used [0x00000000eab00000,0x00000000edf62bc8,0x00000000f3180000)
  from space 15360K, 0% used [0x00000000f3180000,0x00000000f3180000,0x00000000f4080000)
  to   space 15872K, 0% used [0x00000000f5180000,0x00000000f5180000,0x00000000f6100000)
 ParOldGen       total 128512K, used 80059K [0x00000000c0000000, 0x00000000c7d80000, 0x00000000eab00000)
  object space 128512K, 62% used [0x00000000c0000000,0x00000000c4e2eec8,0x00000000c7d80000)
 Metaspace       used 74170K, capacity 77740K, committed 78632K, reserved 1118208K
  class space    used 9585K, capacity 10345K, committed 10544K, reserved 1048576K
GC Heap History (10 events):
Event: 3251.788 GC heap before
{Heap before GC invocations=96 (full 6):
 PSYoungGen      total 121344K, used 109120K [0x00000000eab00000, 0x00000000f3d80000, 0x0000000100000000)
  eden space 109056K, 100% used [0x00000000eab00000,0x00000000f1580000,0x00000000f1580000)
  from space 12288K, 0% used [0x00000000f1580000,0x00000000f1590000,0x00000000f2180000)
  to   space 12288K, 0% used [0x00000000f3180000,0x00000000f3180000,0x00000000f3d80000)
 ParOldGen       total 95232K, used 75648K [0x00000000c0000000, 0x00000000c5d00000, 0x00000000eab00000)
  object space 95232K, 79% used [0x00000000c0000000,0x00000000c49e0320,0x00000000c5d00000)
 Metaspace       used 73928K, capacity 77684K, committed 78120K, reserved 1116160K
  class space    used 9650K, capacity 10449K, committed 10544K, reserved 1048576K
Event: 3251.792 GC heap after
Heap after GC invocations=96 (full 6):
 PSYoungGen      total 135680K, used 320K [0x00000000eab00000, 0x00000000f3c00000, 0x0000000100000000)
  eden space 124928K, 0% used [0x00000000eab00000,0x00000000eab00000,0x00000000f2500000)
  from space 10752K, 2% used [0x00000000f3180000,0x00000000f31d0000,0x00000000f3c00000)
  to   space 11776K, 0% used [0x00000000f2500000,0x00000000f2500000,0x00000000f3080000)
 ParOldGen       total 95232K, used 75680K [0x00000000c0000000, 0x00000000c5d00000, 0x00000000eab00000)
  object space 95232K, 79% used [0x00000000c0000000,0x00000000c49e8320,0x00000000c5d00000)
 Metaspace       used 73928K, capacity 77684K, committed 78120K, reserved 1116160K
  class space    used 9650K, capacity 10449K, committed 10544K, reserved 1048576K
}
Event: 3254.655 GC heap before
{Heap before GC invocations=97 (full 6):
 PSYoungGen      total 135680K, used 125248K [0x00000000eab00000, 0x00000000f3c00000, 0x0000000100000000)
  eden space 124928K, 100% used [0x00000000eab00000,0x00000000f2500000,0x00000000f2500000)
  from space 10752K, 2% used [0x00000000f3180000,0x00000000f31d0000,0x00000000f3c00000)
  to   space 11776K, 0% used [0x00000000f2500000,0x00000000f2500000,0x00000000f3080000)
 ParOldGen       total 95232K, used 75680K [0x00000000c0000000, 0x00000000c5d00000, 0x00000000eab00000)
  object space 95232K, 79% used [0x00000000c0000000,0x00000000c49e8320,0x00000000c5d00000)
 Metaspace       used 73928K, capacity 77684K, committed 78120K, reserved 1116160K
  class space    used 9650K, capacity 10449K, committed 10544K, reserved 1048576K
Event: 3254.660 GC heap after
Heap after GC invocations=97 (full 6):
 PSYoungGen      total 136704K, used 960K [0x00000000eab00000, 0x00000000f4b80000, 0x0000000100000000)
  eden space 124928K, 0% used [0x00000000eab00000,0x00000000eab00000,0x00000000f2500000)
  from space 11776K, 8% used [0x00000000f2500000,0x00000000f25f0000,0x00000000f3080000)
  to   space 11264K, 0% used [0x00000000f4080000,0x00000000f4080000,0x00000000f4b80000)
 ParOldGen       total 95232K, used 75688K [0x00000000c0000000, 0x00000000c5d00000, 0x00000000eab00000)
  object space 95232K, 79% used [0x00000000c0000000,0x00000000c49ea320,0x00000000c5d00000)
 Metaspace       used 73928K, capacity 77684K, committed 78120K, reserved 1116160K
  class space    used 9650K, capacity 10449K, committed 10544K, reserved 1048576K
}
Event: 3258.842 GC heap before
{Heap before GC invocations=98 (full 6):
 PSYoungGen      total 136704K, used 125888K [0x00000000eab00000, 0x00000000f4b80000, 0x0000000100000000)
  eden space 124928K, 100% used [0x00000000eab00000,0x00000000f2500000,0x00000000f2500000)
  from space 11776K, 8% used [0x00000000f2500000,0x00000000f25f0000,0x00000000f3080000)
  to   space 11264K, 0% used [0x00000000f4080000,0x00000000f4080000,0x00000000f4b80000)
 ParOldGen       total 95232K, used 75688K [0x00000000c0000000, 0x00000000c5d00000, 0x00000000eab00000)
  object space 95232K, 79% used [0x00000000c0000000,0x00000000c49ea320,0x00000000c5d00000)
 Metaspace       used 74170K, capacity 77876K, committed 78376K, reserved 1118208K
  class space    used 9653K, capacity 10449K, committed 10544K, reserved 1048576K
Event: 3258.864 GC heap after
Heap after GC invocations=98 (full 6):
 PSYoungGen      total 148992K, used 11251K [0x00000000eab00000, 0x00000000f5300000, 0x0000000100000000)
  eden space 137728K, 0% used [0x00000000eab00000,0x00000000eab00000,0x00000000f3180000)
  from space 11264K, 99% used [0x00000000f4080000,0x00000000f4b7ce48,0x00000000f4b80000)
  to   space 15360K, 0% used [0x00000000f3180000,0x00000000f3180000,0x00000000f4080000)
 ParOldGen       total 95232K, used 79950K [0x00000000c0000000, 0x00000000c5d00000, 0x00000000eab00000)
  object space 95232K, 83% used [0x00000000c0000000,0x00000000c4e13980,0x00000000c5d00000)
 Metaspace       used 74170K, capacity 77876K, committed 78376K, reserved 1118208K
  class space    used 9653K, capacity 10449K, committed 10544K, reserved 1048576K
}
Event: 3267.013 GC heap before
{Heap before GC invocations=99 (full 6):
 PSYoungGen      total 148992K, used 148979K [0x00000000eab00000, 0x00000000f5300000, 0x0000000100000000)
  eden space 137728K, 100% used [0x00000000eab00000,0x00000000f3180000,0x00000000f3180000)
  from space 11264K, 99% used [0x00000000f4080000,0x00000000f4b7ce48,0x00000000f4b80000)
  to   space 15360K, 0% used [0x00000000f3180000,0x00000000f3180000,0x00000000f4080000)
 ParOldGen       total 95232K, used 79950K [0x00000000c0000000, 0x00000000c5d00000, 0x00000000eab00000)
  object space 95232K, 83% used [0x00000000c0000000,0x00000000c4e13980,0x00000000c5d00000)
 Metaspace       used 74402K, capacity 78132K, committed 78632K, reserved 1118208K
  class space    used 9654K, capacity 10449K, committed 10544K, reserved 1048576K
Event: 3267.039 GC heap after
Heap after GC invocations=99 (full 6):
 PSYoungGen      total 153088K, used 9265K [0x00000000eab00000, 0x00000000f6100000, 0x0000000100000000)
  eden space 137728K, 0% used [0x00000000eab00000,0x00000000eab00000,0x00000000f3180000)
  from space 15360K, 60% used [0x00000000f3180000,0x00000000f3a8c538,0x00000000f4080000)
  to   space 15872K, 0% used [0x00000000f5180000,0x00000000f5180000,0x00000000f6100000)
 ParOldGen       total 95232K, used 88759K [0x00000000c0000000, 0x00000000c5d00000, 0x00000000eab00000)
  object space 95232K, 93% used [0x00000000c0000000,0x00000000c56adf08,0x00000000c5d00000)
 Metaspace       used 74402K, capacity 78132K, committed 78632K, reserved 1118208K
  class space    used 9654K, capacity 10449K, committed 10544K, reserved 1048576K
}
Event: 3267.039 GC heap before
{Heap before GC invocations=100 (full 7):
 PSYoungGen      total 153088K, used 9265K [0x00000000eab00000, 0x00000000f6100000, 0x0000000100000000)
  eden space 137728K, 0% used [0x00000000eab00000,0x00000000eab00000,0x00000000f3180000)
  from space 15360K, 60% used [0x00000000f3180000,0x00000000f3a8c538,0x00000000f4080000)
  to   space 15872K, 0% used [0x00000000f5180000,0x00000000f5180000,0x00000000f6100000)
 ParOldGen       total 95232K, used 88759K [0x00000000c0000000, 0x00000000c5d00000, 0x00000000eab00000)
  object space 95232K, 93% used [0x00000000c0000000,0x00000000c56adf08,0x00000000c5d00000)
 Metaspace       used 74402K, capacity 78132K, committed 78632K, reserved 1118208K
  class space    used 9654K, capacity 10449K, committed 10544K, reserved 1048576K
Event: 3267.695 GC heap after
Heap after GC invocations=100 (full 7):
 PSYoungGen      total 153088K, used 0K [0x00000000eab00000, 0x00000000f6100000, 0x0000000100000000)
  eden space 137728K, 0% used [0x00000000eab00000,0x00000000eab00000,0x00000000f3180000)
  from space 15360K, 0% used [0x00000000f3180000,0x00000000f3180000,0x00000000f4080000)
  to   space 15872K, 0% used [0x00000000f5180000,0x00000000f5180000,0x00000000f6100000)
 ParOldGen       total 128512K, used 80059K [0x00000000c0000000, 0x00000000c7d80000, 0x00000000eab00000)
  object space 128512K, 62% used [0x00000000c0000000,0x00000000c4e2eec8,0x00000000c7d80000)
 Metaspace       used 74170K, capacity 77740K, committed 78632K, reserved 1118208K
  class space    used 9585K, capacity 10345K, committed 10544K, reserved 1048576K
}

